{"C:\\workspace_frontend\\updated-vite-nmu\\src\\renderer\\src\\app\\store.js": {"path":"C:\\workspace_frontend\\updated-vite-nmu\\src\\renderer\\src\\app\\store.js","statementMap":{"0":{"start":{"line":36,"column":2},"end":{"line":36,"column":78}},"1":{"start":{"line":38,"column":0},"end":{"line":40,"column":1}},"2":{"start":{"line":39,"column":2},"end":{"line":39,"column":39}},"3":{"start":{"line":42,"column":21},"end":{"line":76,"column":2}}},"fnMap":{},"branchMap":{"0":{"loc":{"start":{"line":36,"column":2},"end":{"line":36,"column":78}},"type":"binary-expr","locations":[{"start":{"line":36,"column":2},"end":{"line":36,"column":37}},{"start":{"line":36,"column":41},"end":{"line":36,"column":78}}],"line":36},"1":{"loc":{"start":{"line":38,"column":0},"end":{"line":40,"column":1}},"type":"if","locations":[{"start":{"line":38,"column":0},"end":{"line":40,"column":1}},{"start":{},"end":{}}],"line":38},"2":{"loc":{"start":{"line":38,"column":4},"end":{"line":38,"column":71}},"type":"binary-expr","locations":[{"start":{"line":38,"column":4},"end":{"line":38,"column":49}},{"start":{"line":38,"column":53},"end":{"line":38,"column":71}}],"line":38}},"s":{"0":14,"1":14,"2":0,"3":14},"f":{},"b":{"0":[14,0],"1":[0,14],"2":[14,0]},"_coverageSchema":"1a1c01bbd47fc00a2c39e90264f33305004495a9","hash":"83e78c4584d22b8295be115b6c89369073d555c3"}
,"C:\\workspace_frontend\\updated-vite-nmu\\src\\renderer\\src\\components\\dashboard\\DiskSpaceSummary.jsx": {"path":"C:\\workspace_frontend\\updated-vite-nmu\\src\\renderer\\src\\components\\dashboard\\DiskSpaceSummary.jsx","statementMap":{"0":{"start":{"line":11,"column":25},"end":{"line":134,"column":1}},"1":{"start":{"line":12,"column":19},"end":{"line":12,"column":32}},"2":{"start":{"line":13,"column":23},"end":{"line":13,"column":53}},"3":{"start":{"line":14,"column":2},"end":{"line":24,"column":8}},"4":{"start":{"line":15,"column":4},"end":{"line":22,"column":6}},"5":{"start":{"line":16,"column":6},"end":{"line":21,"column":7}},"6":{"start":{"line":17,"column":24},"end":{"line":17,"column":32}},"7":{"start":{"line":18,"column":8},"end":{"line":18,"column":39}},"8":{"start":{"line":20,"column":8},"end":{"line":20,"column":47}},"9":{"start":{"line":23,"column":4},"end":{"line":23,"column":66}},"10":{"start":{"line":26,"column":18},"end":{"line":123,"column":3}},"11":{"start":{"line":36,"column":8},"end":{"line":36,"column":18}},"12":{"start":{"line":96,"column":14},"end":{"line":96,"column":30}},"13":{"start":{"line":125,"column":2},"end":{"line":133,"column":3}}},"fnMap":{"0":{"name":"(anonymous_0)","decl":{"start":{"line":11,"column":25},"end":{"line":11,"column":26}},"loc":{"start":{"line":11,"column":31},"end":{"line":134,"column":1}},"line":11},"1":{"name":"(anonymous_1)","decl":{"start":{"line":14,"column":12},"end":{"line":14,"column":13}},"loc":{"start":{"line":14,"column":18},"end":{"line":24,"column":3}},"line":14},"2":{"name":"(anonymous_2)","decl":{"start":{"line":15,"column":64},"end":{"line":15,"column":65}},"loc":{"start":{"line":15,"column":80},"end":{"line":22,"column":5}},"line":15},"3":{"name":"(anonymous_3)","decl":{"start":{"line":35,"column":17},"end":{"line":35,"column":18}},"loc":{"start":{"line":35,"column":32},"end":{"line":37,"column":7}},"line":35},"4":{"name":"(anonymous_4)","decl":{"start":{"line":95,"column":23},"end":{"line":95,"column":24}},"loc":{"start":{"line":95,"column":38},"end":{"line":97,"column":13}},"line":95}},"branchMap":{"0":{"loc":{"start":{"line":16,"column":6},"end":{"line":21,"column":7}},"type":"if","locations":[{"start":{"line":16,"column":6},"end":{"line":21,"column":7}},{"start":{"line":19,"column":13},"end":{"line":21,"column":7}}],"line":16}},"s":{"0":2,"1":0,"2":0,"3":0,"4":0,"5":0,"6":0,"7":0,"8":0,"9":0,"10":0,"11":0,"12":0,"13":0},"f":{"0":0,"1":0,"2":0,"3":0,"4":0},"b":{"0":[0,0]},"_coverageSchema":"1a1c01bbd47fc00a2c39e90264f33305004495a9","hash":"f9804b330fbb88355db6ed59809d578884446d71"}
,"C:\\workspace_frontend\\updated-vite-nmu\\src\\renderer\\src\\components\\dashboard\\EventListCard.jsx": {"path":"C:\\workspace_frontend\\updated-vite-nmu\\src\\renderer\\src\\components\\dashboard\\EventListCard.jsx","statementMap":{"0":{"start":{"line":75,"column":22},"end":{"line":137,"column":1}},"1":{"start":{"line":76,"column":23},"end":{"line":76,"column":28}},"2":{"start":{"line":77,"column":20},"end":{"line":77,"column":30}},"3":{"start":{"line":78,"column":57},"end":{"line":78,"column":67}},"4":{"start":{"line":80,"column":2},"end":{"line":136,"column":3}}},"fnMap":{"0":{"name":"(anonymous_0)","decl":{"start":{"line":75,"column":22},"end":{"line":75,"column":23}},"loc":{"start":{"line":75,"column":33},"end":{"line":137,"column":1}},"line":75}},"branchMap":{},"s":{"0":1,"1":0,"2":0,"3":0,"4":0},"f":{"0":0},"b":{},"_coverageSchema":"1a1c01bbd47fc00a2c39e90264f33305004495a9","hash":"c7e40becefc42c0077f32de3b782eaef78364815"}
,"C:\\workspace_frontend\\updated-vite-nmu\\src\\renderer\\src\\components\\devices\\EventTips\\EventTips.jsx": {"path":"C:\\workspace_frontend\\updated-vite-nmu\\src\\renderer\\src\\components\\devices\\EventTips\\EventTips.jsx","statementMap":{"0":{"start":{"line":15,"column":17},"end":{"line":22,"column":1}},"1":{"start":{"line":24,"column":13},"end":{"line":24,"column":64}},"2":{"start":{"line":26,"column":18},"end":{"line":120,"column":1}},"3":{"start":{"line":27,"column":19},"end":{"line":27,"column":32}},"4":{"start":{"line":29,"column":54},"end":{"line":29,"column":84}},"5":{"start":{"line":32,"column":39},"end":{"line":32,"column":69}},"6":{"start":{"line":34,"column":20},"end":{"line":34,"column":41}},"7":{"start":{"line":38,"column":26},"end":{"line":63,"column":3}},"8":{"start":{"line":40,"column":4},"end":{"line":61,"column":5}},"9":{"start":{"line":42,"column":8},"end":{"line":42,"column":42}},"10":{"start":{"line":43,"column":8},"end":{"line":43,"column":13}},"11":{"start":{"line":45,"column":8},"end":{"line":45,"column":42}},"12":{"start":{"line":46,"column":8},"end":{"line":46,"column":13}},"13":{"start":{"line":48,"column":8},"end":{"line":48,"column":41}},"14":{"start":{"line":49,"column":8},"end":{"line":49,"column":13}},"15":{"start":{"line":51,"column":8},"end":{"line":51,"column":41}},"16":{"start":{"line":52,"column":8},"end":{"line":52,"column":13}},"17":{"start":{"line":54,"column":8},"end":{"line":54,"column":42}},"18":{"start":{"line":55,"column":8},"end":{"line":55,"column":13}},"19":{"start":{"line":57,"column":8},"end":{"line":57,"column":39}},"20":{"start":{"line":58,"column":8},"end":{"line":58,"column":13}},"21":{"start":{"line":60,"column":8},"end":{"line":60,"column":13}},"22":{"start":{"line":62,"column":4},"end":{"line":62,"column":39}},"23":{"start":{"line":65,"column":30},"end":{"line":67,"column":3}},"24":{"start":{"line":66,"column":4},"end":{"line":66,"column":39}},"25":{"start":{"line":69,"column":29},"end":{"line":73,"column":3}},"26":{"start":{"line":70,"column":4},"end":{"line":72,"column":5}},"27":{"start":{"line":71,"column":6},"end":{"line":71,"column":23}},"28":{"start":{"line":75,"column":33},"end":{"line":79,"column":3}},"29":{"start":{"line":76,"column":4},"end":{"line":78,"column":5}},"30":{"start":{"line":77,"column":6},"end":{"line":77,"column":27}},"31":{"start":{"line":81,"column":21},"end":{"line":117,"column":3}},"32":{"start":{"line":119,"column":2},"end":{"line":119,"column":54}}},"fnMap":{"0":{"name":"(anonymous_0)","decl":{"start":{"line":26,"column":18},"end":{"line":26,"column":19}},"loc":{"start":{"line":26,"column":24},"end":{"line":120,"column":1}},"line":26},"1":{"name":"(anonymous_1)","decl":{"start":{"line":38,"column":26},"end":{"line":38,"column":27}},"loc":{"start":{"line":38,"column":32},"end":{"line":63,"column":3}},"line":38},"2":{"name":"(anonymous_2)","decl":{"start":{"line":65,"column":30},"end":{"line":65,"column":31}},"loc":{"start":{"line":65,"column":36},"end":{"line":67,"column":3}},"line":65},"3":{"name":"(anonymous_3)","decl":{"start":{"line":69,"column":29},"end":{"line":69,"column":30}},"loc":{"start":{"line":69,"column":40},"end":{"line":73,"column":3}},"line":69},"4":{"name":"(anonymous_4)","decl":{"start":{"line":75,"column":33},"end":{"line":75,"column":34}},"loc":{"start":{"line":75,"column":44},"end":{"line":79,"column":3}},"line":75}},"branchMap":{"0":{"loc":{"start":{"line":40,"column":4},"end":{"line":61,"column":5}},"type":"switch","locations":[{"start":{"line":41,"column":6},"end":{"line":43,"column":13}},{"start":{"line":44,"column":6},"end":{"line":46,"column":13}},{"start":{"line":47,"column":6},"end":{"line":49,"column":13}},{"start":{"line":50,"column":6},"end":{"line":52,"column":13}},{"start":{"line":53,"column":6},"end":{"line":55,"column":13}},{"start":{"line":56,"column":6},"end":{"line":58,"column":13}},{"start":{"line":59,"column":6},"end":{"line":60,"column":13}}],"line":40},"1":{"loc":{"start":{"line":70,"column":4},"end":{"line":72,"column":5}},"type":"if","locations":[{"start":{"line":70,"column":4},"end":{"line":72,"column":5}},{"start":{},"end":{}}],"line":70},"2":{"loc":{"start":{"line":70,"column":8},"end":{"line":70,"column":44}},"type":"binary-expr","locations":[{"start":{"line":70,"column":8},"end":{"line":70,"column":24}},{"start":{"line":70,"column":28},"end":{"line":70,"column":44}}],"line":70},"3":{"loc":{"start":{"line":76,"column":4},"end":{"line":78,"column":5}},"type":"if","locations":[{"start":{"line":76,"column":4},"end":{"line":78,"column":5}},{"start":{},"end":{}}],"line":76},"4":{"loc":{"start":{"line":76,"column":8},"end":{"line":76,"column":44}},"type":"binary-expr","locations":[{"start":{"line":76,"column":8},"end":{"line":76,"column":24}},{"start":{"line":76,"column":28},"end":{"line":76,"column":44}}],"line":76},"5":{"loc":{"start":{"line":82,"column":29},"end":{"line":82,"column":70}},"type":"cond-expr","locations":[{"start":{"line":82,"column":52},"end":{"line":82,"column":61}},{"start":{"line":82,"column":64},"end":{"line":82,"column":70}}],"line":82},"6":{"loc":{"start":{"line":92,"column":23},"end":{"line":92,"column":56}},"type":"cond-expr","locations":[{"start":{"line":92,"column":35},"end":{"line":92,"column":44}},{"start":{"line":92,"column":47},"end":{"line":92,"column":56}}],"line":92},"7":{"loc":{"start":{"line":114,"column":9},"end":{"line":114,"column":61}},"type":"binary-expr","locations":[{"start":{"line":114,"column":9},"end":{"line":114,"column":23}},{"start":{"line":114,"column":27},"end":{"line":114,"column":61}}],"line":114}},"s":{"0":1,"1":1,"2":1,"3":3,"4":3,"5":3,"6":3,"7":3,"8":0,"9":0,"10":0,"11":0,"12":0,"13":0,"14":0,"15":0,"16":0,"17":0,"18":0,"19":0,"20":0,"21":0,"22":0,"23":3,"24":0,"25":3,"26":0,"27":0,"28":3,"29":0,"30":0,"31":3,"32":3},"f":{"0":3,"1":0,"2":0,"3":0,"4":0},"b":{"0":[0,0,0,0,0,0,0],"1":[0,0],"2":[0,0],"3":[0,0],"4":[0,0],"5":[0,3],"6":[3,0],"7":[3,0]},"_coverageSchema":"1a1c01bbd47fc00a2c39e90264f33305004495a9","hash":"5426c2d6d4dee7215d5035f22b444a2446fb3de0"}
,"C:\\workspace_frontend\\updated-vite-nmu\\src\\renderer\\src\\components\\dialogs\\Common Code\\CustomRangePicker.jsx": {"path":"C:\\workspace_frontend\\updated-vite-nmu\\src\\renderer\\src\\components\\dialogs\\Common Code\\CustomRangePicker.jsx","statementMap":{"0":{"start":{"line":3,"column":24},"end":{"line":3,"column":34}},"1":{"start":{"line":6,"column":0},"end":{"line":6,"column":31}},"2":{"start":{"line":8,"column":26},"end":{"line":26,"column":1}},"3":{"start":{"line":9,"column":23},"end":{"line":9,"column":28}},"4":{"start":{"line":11,"column":23},"end":{"line":13,"column":3}},"5":{"start":{"line":12,"column":4},"end":{"line":12,"column":52}},"6":{"start":{"line":15,"column":2},"end":{"line":25,"column":3}}},"fnMap":{"0":{"name":"(anonymous_0)","decl":{"start":{"line":8,"column":26},"end":{"line":8,"column":27}},"loc":{"start":{"line":8,"column":37},"end":{"line":26,"column":1}},"line":8},"1":{"name":"(anonymous_1)","decl":{"start":{"line":11,"column":23},"end":{"line":11,"column":24}},"loc":{"start":{"line":11,"column":36},"end":{"line":13,"column":3}},"line":11}},"branchMap":{"0":{"loc":{"start":{"line":12,"column":11},"end":{"line":12,"column":52}},"type":"binary-expr","locations":[{"start":{"line":12,"column":11},"end":{"line":12,"column":18}},{"start":{"line":12,"column":22},"end":{"line":12,"column":52}}],"line":12}},"s":{"0":4,"1":4,"2":4,"3":19,"4":19,"5":0,"6":19},"f":{"0":19,"1":0},"b":{"0":[0,0]},"_coverageSchema":"1a1c01bbd47fc00a2c39e90264f33305004495a9","hash":"f51d18ec050ff90b33fd855d628810061557ab15"}
,"C:\\workspace_frontend\\updated-vite-nmu\\src\\renderer\\src\\components\\dialogs\\NetworkSettingsDialog\\NetworkSettingDialog.jsx": {"path":"C:\\workspace_frontend\\updated-vite-nmu\\src\\renderer\\src\\components\\dialogs\\NetworkSettingsDialog\\NetworkSettingDialog.jsx","statementMap":{"0":{"start":{"line":13,"column":29},"end":{"line":78,"column":1}},"1":{"start":{"line":14,"column":34},"end":{"line":14,"column":49}},"2":{"start":{"line":15,"column":19},"end":{"line":15,"column":32}},"3":{"start":{"line":17,"column":4},"end":{"line":17,"column":39}},"4":{"start":{"line":19,"column":24},"end":{"line":19,"column":42}},"5":{"start":{"line":21,"column":4},"end":{"line":26,"column":21}},"6":{"start":{"line":28,"column":2},"end":{"line":36,"column":8}},"7":{"start":{"line":29,"column":4},"end":{"line":31,"column":11}},"8":{"start":{"line":30,"column":6},"end":{"line":30,"column":23}},"9":{"start":{"line":33,"column":4},"end":{"line":35,"column":5}},"10":{"start":{"line":34,"column":6},"end":{"line":34,"column":37}},"11":{"start":{"line":38,"column":34},"end":{"line":43,"column":3}},"12":{"start":{"line":39,"column":4},"end":{"line":39,"column":22}},"13":{"start":{"line":40,"column":4},"end":{"line":42,"column":11}},"14":{"start":{"line":41,"column":6},"end":{"line":41,"column":15}},"15":{"start":{"line":45,"column":33},"end":{"line":47,"column":3}},"16":{"start":{"line":46,"column":4},"end":{"line":46,"column":37}},"17":{"start":{"line":49,"column":2},"end":{"line":77,"column":3}}},"fnMap":{"0":{"name":"(anonymous_0)","decl":{"start":{"line":13,"column":29},"end":{"line":13,"column":30}},"loc":{"start":{"line":13,"column":46},"end":{"line":78,"column":1}},"line":13},"1":{"name":"(anonymous_1)","decl":{"start":{"line":28,"column":12},"end":{"line":28,"column":13}},"loc":{"start":{"line":28,"column":18},"end":{"line":36,"column":3}},"line":28},"2":{"name":"(anonymous_2)","decl":{"start":{"line":29,"column":15},"end":{"line":29,"column":16}},"loc":{"start":{"line":29,"column":21},"end":{"line":31,"column":5}},"line":29},"3":{"name":"(anonymous_3)","decl":{"start":{"line":33,"column":11},"end":{"line":33,"column":12}},"loc":{"start":{"line":33,"column":17},"end":{"line":35,"column":5}},"line":33},"4":{"name":"(anonymous_4)","decl":{"start":{"line":38,"column":34},"end":{"line":38,"column":35}},"loc":{"start":{"line":38,"column":40},"end":{"line":43,"column":3}},"line":38},"5":{"name":"(anonymous_5)","decl":{"start":{"line":40,"column":15},"end":{"line":40,"column":16}},"loc":{"start":{"line":40,"column":21},"end":{"line":42,"column":5}},"line":40},"6":{"name":"(anonymous_6)","decl":{"start":{"line":45,"column":33},"end":{"line":45,"column":34}},"loc":{"start":{"line":45,"column":39},"end":{"line":47,"column":3}},"line":45}},"branchMap":{"0":{"loc":{"start":{"line":21,"column":4},"end":{"line":26,"column":21}},"type":"binary-expr","locations":[{"start":{"line":21,"column":4},"end":{"line":21,"column":13}},{"start":{"line":22,"column":4},"end":{"line":22,"column":13}},{"start":{"line":23,"column":4},"end":{"line":23,"column":16}},{"start":{"line":24,"column":4},"end":{"line":24,"column":16}},{"start":{"line":25,"column":4},"end":{"line":25,"column":26}},{"start":{"line":26,"column":4},"end":{"line":26,"column":21}}],"line":21}},"s":{"0":1,"1":3,"2":3,"3":3,"4":3,"5":3,"6":3,"7":3,"8":0,"9":3,"10":3,"11":3,"12":0,"13":0,"14":0,"15":3,"16":0,"17":3},"f":{"0":3,"1":3,"2":0,"3":3,"4":0,"5":0,"6":0},"b":{"0":[3,3,3,0,0,0]},"_coverageSchema":"1a1c01bbd47fc00a2c39e90264f33305004495a9","hash":"91794fd9697ae3602d9413fde9b9ca178e693387"}
,"C:\\workspace_frontend\\updated-vite-nmu\\src\\renderer\\src\\components\\dialogs\\NetworkSettingsDialog\\Settings\\Settings.jsx": {"path":"C:\\workspace_frontend\\updated-vite-nmu\\src\\renderer\\src\\components\\dialogs\\NetworkSettingsDialog\\Settings\\Settings.jsx","statementMap":{"0":{"start":{"line":11,"column":17},"end":{"line":118,"column":1}},"1":{"start":{"line":12,"column":19},"end":{"line":12,"column":32}},"2":{"start":{"line":25,"column":6},"end":{"line":25,"column":41}},"3":{"start":{"line":26,"column":15},"end":{"line":26,"column":50}},"4":{"start":{"line":28,"column":23},"end":{"line":28,"column":28}},"5":{"start":{"line":29,"column":20},"end":{"line":29,"column":30}},"6":{"start":{"line":31,"column":20},"end":{"line":34,"column":3}},"7":{"start":{"line":36,"column":23},"end":{"line":39,"column":3}},"8":{"start":{"line":41,"column":34},"end":{"line":44,"column":3}},"9":{"start":{"line":43,"column":4},"end":{"line":43,"column":53}},"10":{"start":{"line":46,"column":35},"end":{"line":49,"column":3}},"11":{"start":{"line":46,"column":51},"end":{"line":49,"column":3}},"12":{"start":{"line":48,"column":4},"end":{"line":48,"column":94}},"13":{"start":{"line":51,"column":36},"end":{"line":53,"column":3}},"14":{"start":{"line":52,"column":4},"end":{"line":52,"column":55}},"15":{"start":{"line":55,"column":2},"end":{"line":117,"column":3}},"16":{"start":{"line":77,"column":8},"end":{"line":84,"column":20}},"17":{"start":{"line":99,"column":8},"end":{"line":106,"column":20}}},"fnMap":{"0":{"name":"(anonymous_0)","decl":{"start":{"line":11,"column":17},"end":{"line":11,"column":18}},"loc":{"start":{"line":11,"column":23},"end":{"line":118,"column":1}},"line":11},"1":{"name":"(anonymous_1)","decl":{"start":{"line":41,"column":34},"end":{"line":41,"column":35}},"loc":{"start":{"line":41,"column":41},"end":{"line":44,"column":3}},"line":41},"2":{"name":"(anonymous_2)","decl":{"start":{"line":46,"column":35},"end":{"line":46,"column":36}},"loc":{"start":{"line":46,"column":51},"end":{"line":49,"column":3}},"line":46},"3":{"name":"(anonymous_3)","decl":{"start":{"line":46,"column":51},"end":{"line":46,"column":52}},"loc":{"start":{"line":46,"column":58},"end":{"line":49,"column":3}},"line":46},"4":{"name":"(anonymous_4)","decl":{"start":{"line":51,"column":36},"end":{"line":51,"column":37}},"loc":{"start":{"line":51,"column":43},"end":{"line":53,"column":3}},"line":51},"5":{"name":"(anonymous_5)","decl":{"start":{"line":75,"column":21},"end":{"line":75,"column":22}},"loc":{"start":{"line":77,"column":8},"end":{"line":84,"column":20}},"line":77},"6":{"name":"(anonymous_6)","decl":{"start":{"line":98,"column":24},"end":{"line":98,"column":25}},"loc":{"start":{"line":99,"column":8},"end":{"line":106,"column":20}},"line":99}},"branchMap":{"0":{"loc":{"start":{"line":79,"column":20},"end":{"line":79,"column":54}},"type":"cond-expr","locations":[{"start":{"line":79,"column":40},"end":{"line":79,"column":44}},{"start":{"line":79,"column":47},"end":{"line":79,"column":54}}],"line":79},"1":{"loc":{"start":{"line":80,"column":22},"end":{"line":80,"column":49}},"type":"binary-expr","locations":[{"start":{"line":80,"column":22},"end":{"line":80,"column":39}},{"start":{"line":80,"column":43},"end":{"line":80,"column":49}}],"line":80},"2":{"loc":{"start":{"line":101,"column":20},"end":{"line":101,"column":54}},"type":"cond-expr","locations":[{"start":{"line":101,"column":40},"end":{"line":101,"column":44}},{"start":{"line":101,"column":47},"end":{"line":101,"column":54}}],"line":101},"3":{"loc":{"start":{"line":102,"column":22},"end":{"line":102,"column":49}},"type":"binary-expr","locations":[{"start":{"line":102,"column":22},"end":{"line":102,"column":39}},{"start":{"line":102,"column":43},"end":{"line":102,"column":49}}],"line":102}},"s":{"0":2,"1":5,"2":5,"3":5,"4":5,"5":5,"6":5,"7":5,"8":5,"9":1,"10":5,"11":20,"12":0,"13":5,"14":0,"15":5,"16":10,"17":10},"f":{"0":5,"1":1,"2":20,"3":0,"4":0,"5":10,"6":10},"b":{"0":[2,8],"1":[10,10],"2":[10,0],"3":[10,10]},"_coverageSchema":"1a1c01bbd47fc00a2c39e90264f33305004495a9","hash":"ebd176c952dfcad514bbcf8564db150cd22c49fe"}
,"C:\\workspace_frontend\\updated-vite-nmu\\src\\renderer\\src\\components\\dialogs\\PreferencesDialog\\Advanced\\DeviceDefaultSetting.jsx": {"path":"C:\\workspace_frontend\\updated-vite-nmu\\src\\renderer\\src\\components\\dialogs\\PreferencesDialog\\Advanced\\DeviceDefaultSetting.jsx","statementMap":{"0":{"start":{"line":13,"column":29},"end":{"line":93,"column":1}},"1":{"start":{"line":14,"column":23},"end":{"line":14,"column":28}},"2":{"start":{"line":15,"column":20},"end":{"line":15,"column":30}},"3":{"start":{"line":16,"column":19},"end":{"line":16,"column":32}},"4":{"start":{"line":17,"column":55},"end":{"line":17,"column":84}},"5":{"start":{"line":19,"column":61},"end":{"line":19,"column":71}},"6":{"start":{"line":20,"column":47},"end":{"line":20,"column":59}},"7":{"start":{"line":22,"column":45},"end":{"line":25,"column":3}},"8":{"start":{"line":23,"column":4},"end":{"line":23,"column":22}},"9":{"start":{"line":24,"column":4},"end":{"line":24,"column":52}},"10":{"start":{"line":27,"column":45},"end":{"line":30,"column":3}},"11":{"start":{"line":28,"column":4},"end":{"line":28,"column":22}},"12":{"start":{"line":29,"column":4},"end":{"line":29,"column":52}},"13":{"start":{"line":32,"column":2},"end":{"line":92,"column":3}},"14":{"start":{"line":86,"column":40},"end":{"line":86,"column":91}}},"fnMap":{"0":{"name":"(anonymous_0)","decl":{"start":{"line":13,"column":29},"end":{"line":13,"column":30}},"loc":{"start":{"line":13,"column":40},"end":{"line":93,"column":1}},"line":13},"1":{"name":"(anonymous_1)","decl":{"start":{"line":22,"column":45},"end":{"line":22,"column":46}},"loc":{"start":{"line":22,"column":56},"end":{"line":25,"column":3}},"line":22},"2":{"name":"(anonymous_2)","decl":{"start":{"line":27,"column":45},"end":{"line":27,"column":46}},"loc":{"start":{"line":27,"column":56},"end":{"line":30,"column":3}},"line":27},"3":{"name":"(anonymous_3)","decl":{"start":{"line":86,"column":26},"end":{"line":86,"column":27}},"loc":{"start":{"line":86,"column":40},"end":{"line":86,"column":91}},"line":86}},"branchMap":{"0":{"loc":{"start":{"line":61,"column":22},"end":{"line":61,"column":61}},"type":"cond-expr","locations":[{"start":{"line":61,"column":47},"end":{"line":61,"column":51}},{"start":{"line":61,"column":54},"end":{"line":61,"column":61}}],"line":61},"1":{"loc":{"start":{"line":81,"column":22},"end":{"line":81,"column":61}},"type":"cond-expr","locations":[{"start":{"line":81,"column":47},"end":{"line":81,"column":51}},{"start":{"line":81,"column":54},"end":{"line":81,"column":61}}],"line":81},"2":{"loc":{"start":{"line":86,"column":40},"end":{"line":86,"column":91}},"type":"cond-expr","locations":[{"start":{"line":86,"column":50},"end":{"line":86,"column":64}},{"start":{"line":86,"column":67},"end":{"line":86,"column":91}}],"line":86}},"s":{"0":1,"1":3,"2":3,"3":3,"4":3,"5":3,"6":3,"7":3,"8":0,"9":0,"10":3,"11":0,"12":0,"13":3,"14":3},"f":{"0":3,"1":0,"2":0,"3":3},"b":{"0":[3,0],"1":[3,0],"2":[0,3]},"_coverageSchema":"1a1c01bbd47fc00a2c39e90264f33305004495a9","hash":"fc83198afc77a2fbd0e870662fc4640128cd1f9a"}
,"C:\\workspace_frontend\\updated-vite-nmu\\src\\renderer\\src\\components\\dialogs\\PreferencesDialog\\Advanced\\FirmwareUpdate.jsx": {"path":"C:\\workspace_frontend\\updated-vite-nmu\\src\\renderer\\src\\components\\dialogs\\PreferencesDialog\\Advanced\\FirmwareUpdate.jsx","statementMap":{"0":{"start":{"line":11,"column":23},"end":{"line":75,"column":1}},"1":{"start":{"line":12,"column":23},"end":{"line":12,"column":28}},"2":{"start":{"line":13,"column":20},"end":{"line":13,"column":30}},"3":{"start":{"line":14,"column":19},"end":{"line":14,"column":32}},"4":{"start":{"line":16,"column":55},"end":{"line":16,"column":84}},"5":{"start":{"line":17,"column":57},"end":{"line":17,"column":69}},"6":{"start":{"line":18,"column":71},"end":{"line":18,"column":81}},"7":{"start":{"line":20,"column":51},"end":{"line":23,"column":3}},"8":{"start":{"line":21,"column":4},"end":{"line":21,"column":22}},"9":{"start":{"line":22,"column":4},"end":{"line":22,"column":45}},"10":{"start":{"line":24,"column":47},"end":{"line":27,"column":3}},"11":{"start":{"line":25,"column":4},"end":{"line":25,"column":22}},"12":{"start":{"line":26,"column":4},"end":{"line":26,"column":49}},"13":{"start":{"line":29,"column":2},"end":{"line":74,"column":3}}},"fnMap":{"0":{"name":"(anonymous_0)","decl":{"start":{"line":11,"column":23},"end":{"line":11,"column":24}},"loc":{"start":{"line":11,"column":29},"end":{"line":75,"column":1}},"line":11},"1":{"name":"(anonymous_1)","decl":{"start":{"line":20,"column":51},"end":{"line":20,"column":52}},"loc":{"start":{"line":20,"column":62},"end":{"line":23,"column":3}},"line":20},"2":{"name":"(anonymous_2)","decl":{"start":{"line":24,"column":47},"end":{"line":24,"column":48}},"loc":{"start":{"line":24,"column":58},"end":{"line":27,"column":3}},"line":24}},"branchMap":{"0":{"loc":{"start":{"line":49,"column":20},"end":{"line":49,"column":65}},"type":"cond-expr","locations":[{"start":{"line":49,"column":51},"end":{"line":49,"column":55}},{"start":{"line":49,"column":58},"end":{"line":49,"column":65}}],"line":49},"1":{"loc":{"start":{"line":63,"column":20},"end":{"line":63,"column":63}},"type":"cond-expr","locations":[{"start":{"line":63,"column":49},"end":{"line":63,"column":53}},{"start":{"line":63,"column":56},"end":{"line":63,"column":63}}],"line":63}},"s":{"0":1,"1":3,"2":3,"3":3,"4":3,"5":3,"6":3,"7":3,"8":0,"9":0,"10":3,"11":0,"12":0,"13":3},"f":{"0":3,"1":0,"2":0},"b":{"0":[3,0],"1":[3,0]},"_coverageSchema":"1a1c01bbd47fc00a2c39e90264f33305004495a9","hash":"14f8bdb180deb400041805583d1005ac242a82f2"}
,"C:\\workspace_frontend\\updated-vite-nmu\\src\\renderer\\src\\components\\dialogs\\PreferencesDialog\\Advanced\\OfflineDetection.jsx": {"path":"C:\\workspace_frontend\\updated-vite-nmu\\src\\renderer\\src\\components\\dialogs\\PreferencesDialog\\Advanced\\OfflineDetection.jsx","statementMap":{"0":{"start":{"line":11,"column":25},"end":{"line":75,"column":1}},"1":{"start":{"line":12,"column":23},"end":{"line":12,"column":28}},"2":{"start":{"line":13,"column":20},"end":{"line":13,"column":30}},"3":{"start":{"line":14,"column":19},"end":{"line":14,"column":32}},"4":{"start":{"line":15,"column":55},"end":{"line":15,"column":84}},"5":{"start":{"line":16,"column":50},"end":{"line":16,"column":62}},"6":{"start":{"line":17,"column":64},"end":{"line":17,"column":74}},"7":{"start":{"line":19,"column":49},"end":{"line":22,"column":3}},"8":{"start":{"line":20,"column":4},"end":{"line":20,"column":22}},"9":{"start":{"line":21,"column":4},"end":{"line":21,"column":43}},"10":{"start":{"line":23,"column":44},"end":{"line":26,"column":3}},"11":{"start":{"line":24,"column":4},"end":{"line":24,"column":22}},"12":{"start":{"line":25,"column":4},"end":{"line":25,"column":38}},"13":{"start":{"line":27,"column":2},"end":{"line":74,"column":3}}},"fnMap":{"0":{"name":"(anonymous_0)","decl":{"start":{"line":11,"column":25},"end":{"line":11,"column":26}},"loc":{"start":{"line":11,"column":31},"end":{"line":75,"column":1}},"line":11},"1":{"name":"(anonymous_1)","decl":{"start":{"line":19,"column":49},"end":{"line":19,"column":50}},"loc":{"start":{"line":19,"column":60},"end":{"line":22,"column":3}},"line":19},"2":{"name":"(anonymous_2)","decl":{"start":{"line":23,"column":44},"end":{"line":23,"column":45}},"loc":{"start":{"line":23,"column":55},"end":{"line":26,"column":3}},"line":23}},"branchMap":{"0":{"loc":{"start":{"line":47,"column":20},"end":{"line":47,"column":63}},"type":"cond-expr","locations":[{"start":{"line":47,"column":49},"end":{"line":47,"column":53}},{"start":{"line":47,"column":56},"end":{"line":47,"column":63}}],"line":47},"1":{"loc":{"start":{"line":63,"column":20},"end":{"line":63,"column":58}},"type":"cond-expr","locations":[{"start":{"line":63,"column":44},"end":{"line":63,"column":48}},{"start":{"line":63,"column":51},"end":{"line":63,"column":58}}],"line":63}},"s":{"0":1,"1":3,"2":3,"3":3,"4":3,"5":3,"6":3,"7":3,"8":0,"9":0,"10":3,"11":0,"12":0,"13":3},"f":{"0":3,"1":0,"2":0},"b":{"0":[3,0],"1":[3,0]},"_coverageSchema":"1a1c01bbd47fc00a2c39e90264f33305004495a9","hash":"4df78af8855734d78a771517545e4cba80c29bb2"}
,"C:\\workspace_frontend\\updated-vite-nmu\\src\\renderer\\src\\components\\dialogs\\SingleBackupConfigDialog\\BackupRestorePanel\\BackupRestorePanel.jsx": {"path":"C:\\workspace_frontend\\updated-vite-nmu\\src\\renderer\\src\\components\\dialogs\\SingleBackupConfigDialog\\BackupRestorePanel\\BackupRestorePanel.jsx","statementMap":{"0":{"start":{"line":15,"column":27},"end":{"line":190,"column":1}},"1":{"start":{"line":16,"column":23},"end":{"line":16,"column":28}},"2":{"start":{"line":17,"column":20},"end":{"line":17,"column":30}},"3":{"start":{"line":18,"column":19},"end":{"line":18,"column":32}},"4":{"start":{"line":19,"column":34},"end":{"line":19,"column":46}},"5":{"start":{"line":20,"column":61},"end":{"line":22,"column":3}},"6":{"start":{"line":27,"column":30},"end":{"line":27,"column":81}},"7":{"start":{"line":28,"column":31},"end":{"line":28,"column":49}},"8":{"start":{"line":29,"column":42},"end":{"line":31,"column":3}},"9":{"start":{"line":30,"column":4},"end":{"line":30,"column":41}},"10":{"start":{"line":32,"column":44},"end":{"line":34,"column":3}},"11":{"start":{"line":33,"column":4},"end":{"line":33,"column":65}},"12":{"start":{"line":35,"column":36},"end":{"line":44,"column":3}},"13":{"start":{"line":36,"column":4},"end":{"line":43,"column":5}},"14":{"start":{"line":38,"column":21},"end":{"line":38,"column":49}},"15":{"start":{"line":39,"column":8},"end":{"line":41,"column":10}},"16":{"start":{"line":45,"column":40},"end":{"line":47,"column":3}},"17":{"start":{"line":46,"column":4},"end":{"line":46,"column":40}},"18":{"start":{"line":48,"column":22},"end":{"line":68,"column":3}},"19":{"start":{"line":49,"column":4},"end":{"line":67,"column":6}},"20":{"start":{"line":53,"column":8},"end":{"line":63,"column":26}},"21":{"start":{"line":54,"column":10},"end":{"line":54,"column":43}},"22":{"start":{"line":57,"column":25},"end":{"line":57,"column":53}},"23":{"start":{"line":58,"column":12},"end":{"line":60,"column":14}},"24":{"start":{"line":61,"column":12},"end":{"line":61,"column":23}},"25":{"start":{"line":65,"column":8},"end":{"line":65,"column":29}},"26":{"start":{"line":70,"column":37},"end":{"line":72,"column":3}},"27":{"start":{"line":71,"column":4},"end":{"line":71,"column":17}},"28":{"start":{"line":73,"column":2},"end":{"line":189,"column":3}}},"fnMap":{"0":{"name":"(anonymous_0)","decl":{"start":{"line":15,"column":27},"end":{"line":15,"column":28}},"loc":{"start":{"line":15,"column":33},"end":{"line":190,"column":1}},"line":15},"1":{"name":"(anonymous_1)","decl":{"start":{"line":29,"column":42},"end":{"line":29,"column":43}},"loc":{"start":{"line":29,"column":48},"end":{"line":31,"column":3}},"line":29},"2":{"name":"(anonymous_2)","decl":{"start":{"line":32,"column":44},"end":{"line":32,"column":45}},"loc":{"start":{"line":32,"column":55},"end":{"line":34,"column":3}},"line":32},"3":{"name":"(anonymous_3)","decl":{"start":{"line":35,"column":36},"end":{"line":35,"column":37}},"loc":{"start":{"line":35,"column":42},"end":{"line":44,"column":3}},"line":35},"4":{"name":"(anonymous_4)","decl":{"start":{"line":37,"column":20},"end":{"line":37,"column":21}},"loc":{"start":{"line":37,"column":32},"end":{"line":42,"column":7}},"line":37},"5":{"name":"(anonymous_5)","decl":{"start":{"line":45,"column":40},"end":{"line":45,"column":41}},"loc":{"start":{"line":45,"column":46},"end":{"line":47,"column":3}},"line":45},"6":{"name":"(anonymous_6)","decl":{"start":{"line":48,"column":22},"end":{"line":48,"column":23}},"loc":{"start":{"line":48,"column":28},"end":{"line":68,"column":3}},"line":48},"7":{"name":"(anonymous_7)","decl":{"start":{"line":52,"column":12},"end":{"line":52,"column":13}},"loc":{"start":{"line":53,"column":8},"end":{"line":63,"column":26}},"line":53},"8":{"name":"(anonymous_8)","decl":{"start":{"line":53,"column":20},"end":{"line":53,"column":21}},"loc":{"start":{"line":53,"column":33},"end":{"line":55,"column":9}},"line":53},"9":{"name":"(anonymous_9)","decl":{"start":{"line":56,"column":16},"end":{"line":56,"column":17}},"loc":{"start":{"line":56,"column":28},"end":{"line":62,"column":11}},"line":56},"10":{"name":"(anonymous_10)","decl":{"start":{"line":63,"column":17},"end":{"line":63,"column":18}},"loc":{"start":{"line":63,"column":23},"end":{"line":63,"column":25}},"line":63},"11":{"name":"(anonymous_11)","decl":{"start":{"line":64,"column":6},"end":{"line":64,"column":7}},"loc":{"start":{"line":64,"column":17},"end":{"line":66,"column":7}},"line":64},"12":{"name":"(anonymous_12)","decl":{"start":{"line":70,"column":37},"end":{"line":70,"column":38}},"loc":{"start":{"line":70,"column":43},"end":{"line":72,"column":3}},"line":70}},"branchMap":{"0":{"loc":{"start":{"line":27,"column":30},"end":{"line":27,"column":81}},"type":"binary-expr","locations":[{"start":{"line":27,"column":30},"end":{"line":27,"column":47}},{"start":{"line":27,"column":51},"end":{"line":27,"column":66}},{"start":{"line":27,"column":70},"end":{"line":27,"column":81}}],"line":27},"1":{"loc":{"start":{"line":38,"column":21},"end":{"line":38,"column":49}},"type":"cond-expr","locations":[{"start":{"line":38,"column":30},"end":{"line":38,"column":39}},{"start":{"line":38,"column":42},"end":{"line":38,"column":49}}],"line":38},"2":{"loc":{"start":{"line":40,"column":43},"end":{"line":40,"column":72}},"type":"cond-expr","locations":[{"start":{"line":40,"column":52},"end":{"line":40,"column":62}},{"start":{"line":40,"column":65},"end":{"line":40,"column":72}}],"line":40},"3":{"loc":{"start":{"line":57,"column":25},"end":{"line":57,"column":53}},"type":"cond-expr","locations":[{"start":{"line":57,"column":34},"end":{"line":57,"column":43}},{"start":{"line":57,"column":46},"end":{"line":57,"column":53}}],"line":57},"4":{"loc":{"start":{"line":59,"column":48},"end":{"line":59,"column":77}},"type":"cond-expr","locations":[{"start":{"line":59,"column":57},"end":{"line":59,"column":67}},{"start":{"line":59,"column":70},"end":{"line":59,"column":77}}],"line":59},"5":{"loc":{"start":{"line":120,"column":9},"end":{"line":140,"column":9}},"type":"cond-expr","locations":[{"start":{"line":121,"column":10},"end":{"line":128,"column":12}},{"start":{"line":130,"column":10},"end":{"line":139,"column":19}}],"line":120}},"s":{"0":1,"1":10,"2":10,"3":10,"4":10,"5":10,"6":10,"7":10,"8":10,"9":0,"10":10,"11":0,"12":10,"13":0,"14":0,"15":0,"16":10,"17":0,"18":10,"19":0,"20":0,"21":0,"22":0,"23":0,"24":0,"25":0,"26":10,"27":0,"28":10},"f":{"0":10,"1":0,"2":0,"3":0,"4":0,"5":0,"6":0,"7":0,"8":0,"9":0,"10":0,"11":0,"12":0},"b":{"0":[10,0,0],"1":[0,0],"2":[0,0],"3":[0,0],"4":[0,0],"5":[0,10]},"_coverageSchema":"1a1c01bbd47fc00a2c39e90264f33305004495a9","hash":"fabca9b9a4407552453ff099ee6d6175f9e6e931"}
,"C:\\workspace_frontend\\updated-vite-nmu\\src\\renderer\\src\\components\\dialogs\\TrapSettingDialog\\TrapConfiguration\\TrapConfiguration.jsx": {"path":"C:\\workspace_frontend\\updated-vite-nmu\\src\\renderer\\src\\components\\dialogs\\TrapSettingDialog\\TrapConfiguration\\TrapConfiguration.jsx","statementMap":{"0":{"start":{"line":8,"column":26},"end":{"line":144,"column":1}},"1":{"start":{"line":9,"column":27},"end":{"line":9,"column":39}},"2":{"start":{"line":10,"column":19},"end":{"line":10,"column":32}},"3":{"start":{"line":11,"column":28},"end":{"line":11,"column":99}},"4":{"start":{"line":12,"column":23},"end":{"line":12,"column":28}},"5":{"start":{"line":13,"column":20},"end":{"line":13,"column":30}},"6":{"start":{"line":15,"column":34},"end":{"line":17,"column":3}},"7":{"start":{"line":16,"column":4},"end":{"line":16,"column":60}},"8":{"start":{"line":18,"column":33},"end":{"line":26,"column":3}},"9":{"start":{"line":19,"column":4},"end":{"line":25,"column":5}},"10":{"start":{"line":20,"column":6},"end":{"line":22,"column":7}},"11":{"start":{"line":21,"column":8},"end":{"line":21,"column":66}},"12":{"start":{"line":24,"column":6},"end":{"line":24,"column":64}},"13":{"start":{"line":27,"column":32},"end":{"line":29,"column":3}},"14":{"start":{"line":28,"column":4},"end":{"line":28,"column":62}},"15":{"start":{"line":31,"column":30},"end":{"line":42,"column":3}},"16":{"start":{"line":33,"column":4},"end":{"line":41,"column":5}},"17":{"start":{"line":34,"column":6},"end":{"line":38,"column":7}},"18":{"start":{"line":35,"column":8},"end":{"line":35,"column":34}},"19":{"start":{"line":37,"column":8},"end":{"line":37,"column":73}},"20":{"start":{"line":40,"column":6},"end":{"line":40,"column":70}},"21":{"start":{"line":44,"column":28},"end":{"line":53,"column":3}},"22":{"start":{"line":45,"column":4},"end":{"line":51,"column":5}},"23":{"start":{"line":50,"column":6},"end":{"line":50,"column":17}},"24":{"start":{"line":52,"column":4},"end":{"line":52,"column":16}},"25":{"start":{"line":55,"column":2},"end":{"line":143,"column":3}}},"fnMap":{"0":{"name":"(anonymous_0)","decl":{"start":{"line":8,"column":26},"end":{"line":8,"column":27}},"loc":{"start":{"line":8,"column":32},"end":{"line":144,"column":1}},"line":8},"1":{"name":"(anonymous_1)","decl":{"start":{"line":15,"column":34},"end":{"line":15,"column":35}},"loc":{"start":{"line":15,"column":45},"end":{"line":17,"column":3}},"line":15},"2":{"name":"(anonymous_2)","decl":{"start":{"line":18,"column":33},"end":{"line":18,"column":34}},"loc":{"start":{"line":18,"column":44},"end":{"line":26,"column":3}},"line":18},"3":{"name":"(anonymous_3)","decl":{"start":{"line":27,"column":32},"end":{"line":27,"column":33}},"loc":{"start":{"line":27,"column":43},"end":{"line":29,"column":3}},"line":27},"4":{"name":"(anonymous_4)","decl":{"start":{"line":31,"column":30},"end":{"line":31,"column":31}},"loc":{"start":{"line":31,"column":36},"end":{"line":42,"column":3}},"line":31},"5":{"name":"(anonymous_5)","decl":{"start":{"line":44,"column":28},"end":{"line":44,"column":29}},"loc":{"start":{"line":44,"column":43},"end":{"line":53,"column":3}},"line":44}},"branchMap":{"0":{"loc":{"start":{"line":19,"column":4},"end":{"line":25,"column":5}},"type":"if","locations":[{"start":{"line":19,"column":4},"end":{"line":25,"column":5}},{"start":{"line":23,"column":11},"end":{"line":25,"column":5}}],"line":19},"1":{"loc":{"start":{"line":20,"column":6},"end":{"line":22,"column":7}},"type":"if","locations":[{"start":{"line":20,"column":6},"end":{"line":22,"column":7}},{"start":{},"end":{}}],"line":20},"2":{"loc":{"start":{"line":20,"column":10},"end":{"line":20,"column":64}},"type":"binary-expr","locations":[{"start":{"line":20,"column":10},"end":{"line":20,"column":33}},{"start":{"line":20,"column":37},"end":{"line":20,"column":64}}],"line":20},"3":{"loc":{"start":{"line":33,"column":4},"end":{"line":41,"column":5}},"type":"if","locations":[{"start":{"line":33,"column":4},"end":{"line":41,"column":5}},{"start":{"line":39,"column":11},"end":{"line":41,"column":5}}],"line":33},"4":{"loc":{"start":{"line":34,"column":6},"end":{"line":38,"column":7}},"type":"if","locations":[{"start":{"line":34,"column":6},"end":{"line":38,"column":7}},{"start":{"line":36,"column":13},"end":{"line":38,"column":7}}],"line":34},"5":{"loc":{"start":{"line":45,"column":4},"end":{"line":51,"column":5}},"type":"if","locations":[{"start":{"line":45,"column":4},"end":{"line":51,"column":5}},{"start":{},"end":{}}],"line":45},"6":{"loc":{"start":{"line":94,"column":19},"end":{"line":94,"column":79}},"type":"cond-expr","locations":[{"start":{"line":94,"column":49},"end":{"line":94,"column":74}},{"start":{"line":94,"column":77},"end":{"line":94,"column":79}}],"line":94},"7":{"loc":{"start":{"line":135,"column":24},"end":{"line":135,"column":80}},"type":"binary-expr","locations":[{"start":{"line":135,"column":24},"end":{"line":135,"column":49}},{"start":{"line":135,"column":53},"end":{"line":135,"column":80}}],"line":135}},"s":{"0":1,"1":5,"2":5,"3":5,"4":5,"5":5,"6":5,"7":0,"8":5,"9":0,"10":0,"11":0,"12":0,"13":5,"14":0,"15":5,"16":0,"17":0,"18":0,"19":0,"20":0,"21":5,"22":0,"23":0,"24":0,"25":5},"f":{"0":5,"1":0,"2":0,"3":0,"4":0,"5":0},"b":{"0":[0,0],"1":[0,0],"2":[0,0],"3":[0,0],"4":[0,0],"5":[0,0],"6":[0,5],"7":[5,0]},"_coverageSchema":"1a1c01bbd47fc00a2c39e90264f33305004495a9","hash":"d319e2720ee67719570e1958a1d6b6290bf17781"}
,"C:\\workspace_frontend\\updated-vite-nmu\\src\\renderer\\src\\pages\\DashboardPage.jsx": {"path":"C:\\workspace_frontend\\updated-vite-nmu\\src\\renderer\\src\\pages\\DashboardPage.jsx","statementMap":{"0":{"start":{"line":12,"column":22},"end":{"line":110,"column":1}},"1":{"start":{"line":13,"column":24},"end":{"line":13,"column":60}},"2":{"start":{"line":13,"column":38},"end":{"line":13,"column":55}},"3":{"start":{"line":14,"column":26},"end":{"line":14,"column":64}},"4":{"start":{"line":14,"column":40},"end":{"line":14,"column":59}},"5":{"start":{"line":15,"column":27},"end":{"line":15,"column":66}},"6":{"start":{"line":15,"column":41},"end":{"line":15,"column":61}},"7":{"start":{"line":16,"column":23},"end":{"line":16,"column":58}},"8":{"start":{"line":16,"column":37},"end":{"line":16,"column":53}},"9":{"start":{"line":17,"column":24},"end":{"line":17,"column":60}},"10":{"start":{"line":17,"column":38},"end":{"line":17,"column":55}},"11":{"start":{"line":18,"column":22},"end":{"line":18,"column":56}},"12":{"start":{"line":18,"column":36},"end":{"line":18,"column":51}},"13":{"start":{"line":19,"column":20},"end":{"line":19,"column":52}},"14":{"start":{"line":19,"column":34},"end":{"line":19,"column":47}},"15":{"start":{"line":20,"column":2},"end":{"line":109,"column":3}}},"fnMap":{"0":{"name":"(anonymous_0)","decl":{"start":{"line":12,"column":22},"end":{"line":12,"column":23}},"loc":{"start":{"line":12,"column":28},"end":{"line":110,"column":1}},"line":12},"1":{"name":"(anonymous_1)","decl":{"start":{"line":13,"column":32},"end":{"line":13,"column":33}},"loc":{"start":{"line":13,"column":38},"end":{"line":13,"column":55}},"line":13},"2":{"name":"(anonymous_2)","decl":{"start":{"line":14,"column":34},"end":{"line":14,"column":35}},"loc":{"start":{"line":14,"column":40},"end":{"line":14,"column":59}},"line":14},"3":{"name":"(anonymous_3)","decl":{"start":{"line":15,"column":35},"end":{"line":15,"column":36}},"loc":{"start":{"line":15,"column":41},"end":{"line":15,"column":61}},"line":15},"4":{"name":"(anonymous_4)","decl":{"start":{"line":16,"column":31},"end":{"line":16,"column":32}},"loc":{"start":{"line":16,"column":37},"end":{"line":16,"column":53}},"line":16},"5":{"name":"(anonymous_5)","decl":{"start":{"line":17,"column":32},"end":{"line":17,"column":33}},"loc":{"start":{"line":17,"column":38},"end":{"line":17,"column":55}},"line":17},"6":{"name":"(anonymous_6)","decl":{"start":{"line":18,"column":30},"end":{"line":18,"column":31}},"loc":{"start":{"line":18,"column":36},"end":{"line":18,"column":51}},"line":18},"7":{"name":"(anonymous_7)","decl":{"start":{"line":19,"column":28},"end":{"line":19,"column":29}},"loc":{"start":{"line":19,"column":34},"end":{"line":19,"column":47}},"line":19}},"branchMap":{},"s":{"0":1,"1":0,"2":0,"3":0,"4":0,"5":0,"6":0,"7":0,"8":0,"9":0,"10":0,"11":0,"12":0,"13":0,"14":0,"15":0},"f":{"0":0,"1":0,"2":0,"3":0,"4":0,"5":0,"6":0,"7":0},"b":{},"_coverageSchema":"1a1c01bbd47fc00a2c39e90264f33305004495a9","hash":"035f12427089d752863812eb92d5eca8108a7c62"}
}
