{"C:\\workspace_frontend\\updated-vite-nmu\\src\\renderer\\src\\app\\store.js": {"path":"C:\\workspace_frontend\\updated-vite-nmu\\src\\renderer\\src\\app\\store.js","statementMap":{"0":{"start":{"line":36,"column":2},"end":{"line":36,"column":78}},"1":{"start":{"line":38,"column":0},"end":{"line":40,"column":1}},"2":{"start":{"line":39,"column":2},"end":{"line":39,"column":39}},"3":{"start":{"line":42,"column":21},"end":{"line":76,"column":2}}},"fnMap":{},"branchMap":{"0":{"loc":{"start":{"line":36,"column":2},"end":{"line":36,"column":78}},"type":"binary-expr","locations":[{"start":{"line":36,"column":2},"end":{"line":36,"column":37}},{"start":{"line":36,"column":41},"end":{"line":36,"column":78}}],"line":36},"1":{"loc":{"start":{"line":38,"column":0},"end":{"line":40,"column":1}},"type":"if","locations":[{"start":{"line":38,"column":0},"end":{"line":40,"column":1}},{"start":{},"end":{}}],"line":38},"2":{"loc":{"start":{"line":38,"column":4},"end":{"line":38,"column":71}},"type":"binary-expr","locations":[{"start":{"line":38,"column":4},"end":{"line":38,"column":49}},{"start":{"line":38,"column":53},"end":{"line":38,"column":71}}],"line":38}},"s":{"0":1,"1":1,"2":0,"3":1},"f":{},"b":{"0":[1,0],"1":[0,1],"2":[1,0]},"_coverageSchema":"1a1c01bbd47fc00a2c39e90264f33305004495a9","hash":"83e78c4584d22b8295be115b6c89369073d555c3"}
,"C:\\workspace_frontend\\updated-vite-nmu\\src\\renderer\\src\\components\\dashboard\\DeviceSummary.jsx": {"path":"C:\\workspace_frontend\\updated-vite-nmu\\src\\renderer\\src\\components\\dashboard\\DeviceSummary.jsx","statementMap":{"0":{"start":{"line":10,"column":22},"end":{"line":53,"column":1}},"1":{"start":{"line":11,"column":35},"end":{"line":11,"column":65}},"2":{"start":{"line":13,"column":28},"end":{"line":29,"column":3}},"3":{"start":{"line":14,"column":17},"end":{"line":14,"column":18}},"4":{"start":{"line":15,"column":16},"end":{"line":15,"column":17}},"5":{"start":{"line":16,"column":18},"end":{"line":16,"column":19}},"6":{"start":{"line":17,"column":4},"end":{"line":26,"column":6}},"7":{"start":{"line":18,"column":6},"end":{"line":25,"column":7}},"8":{"start":{"line":19,"column":8},"end":{"line":24,"column":10}},"9":{"start":{"line":20,"column":10},"end":{"line":20,"column":17}},"10":{"start":{"line":21,"column":10},"end":{"line":23,"column":11}},"11":{"start":{"line":22,"column":12},"end":{"line":22,"column":20}},"12":{"start":{"line":27,"column":4},"end":{"line":27,"column":28}},"13":{"start":{"line":28,"column":4},"end":{"line":28,"column":37}},"14":{"start":{"line":31,"column":2},"end":{"line":52,"column":3}}},"fnMap":{"0":{"name":"(anonymous_0)","decl":{"start":{"line":10,"column":22},"end":{"line":10,"column":23}},"loc":{"start":{"line":10,"column":28},"end":{"line":53,"column":1}},"line":10},"1":{"name":"(anonymous_1)","decl":{"start":{"line":13,"column":28},"end":{"line":13,"column":29}},"loc":{"start":{"line":13,"column":34},"end":{"line":29,"column":3}},"line":13},"2":{"name":"(anonymous_2)","decl":{"start":{"line":17,"column":49},"end":{"line":17,"column":50}},"loc":{"start":{"line":17,"column":77},"end":{"line":26,"column":5}},"line":17},"3":{"name":"(anonymous_3)","decl":{"start":{"line":19,"column":23},"end":{"line":19,"column":24}},"loc":{"start":{"line":19,"column":31},"end":{"line":24,"column":9}},"line":19}},"branchMap":{"0":{"loc":{"start":{"line":18,"column":6},"end":{"line":25,"column":7}},"type":"if","locations":[{"start":{"line":18,"column":6},"end":{"line":25,"column":7}},{"start":{},"end":{}}],"line":18},"1":{"loc":{"start":{"line":21,"column":10},"end":{"line":23,"column":11}},"type":"if","locations":[{"start":{"line":21,"column":10},"end":{"line":23,"column":11}},{"start":{},"end":{}}],"line":21}},"s":{"0":0,"1":0,"2":0,"3":0,"4":0,"5":0,"6":0,"7":0,"8":0,"9":0,"10":0,"11":0,"12":0,"13":0,"14":0},"f":{"0":0,"1":0,"2":0,"3":0},"b":{"0":[0,0],"1":[0,0]}}
,"C:\\workspace_frontend\\updated-vite-nmu\\src\\renderer\\src\\components\\dialogs\\Common Code\\CustomRangePicker.jsx": {"path":"C:\\workspace_frontend\\updated-vite-nmu\\src\\renderer\\src\\components\\dialogs\\Common Code\\CustomRangePicker.jsx","statementMap":{"0":{"start":{"line":3,"column":24},"end":{"line":3,"column":34}},"1":{"start":{"line":6,"column":0},"end":{"line":6,"column":31}},"2":{"start":{"line":8,"column":26},"end":{"line":26,"column":1}},"3":{"start":{"line":9,"column":23},"end":{"line":9,"column":28}},"4":{"start":{"line":11,"column":23},"end":{"line":13,"column":3}},"5":{"start":{"line":12,"column":4},"end":{"line":12,"column":52}},"6":{"start":{"line":15,"column":2},"end":{"line":25,"column":3}}},"fnMap":{"0":{"name":"(anonymous_0)","decl":{"start":{"line":8,"column":26},"end":{"line":8,"column":27}},"loc":{"start":{"line":8,"column":37},"end":{"line":26,"column":1}},"line":8},"1":{"name":"(anonymous_1)","decl":{"start":{"line":11,"column":23},"end":{"line":11,"column":24}},"loc":{"start":{"line":11,"column":36},"end":{"line":13,"column":3}},"line":11}},"branchMap":{"0":{"loc":{"start":{"line":12,"column":11},"end":{"line":12,"column":52}},"type":"binary-expr","locations":[{"start":{"line":12,"column":11},"end":{"line":12,"column":18}},{"start":{"line":12,"column":22},"end":{"line":12,"column":52}}],"line":12}},"s":{"0":1,"1":1,"2":1,"3":1,"4":1,"5":0,"6":1},"f":{"0":1,"1":0},"b":{"0":[0,0]},"_coverageSchema":"1a1c01bbd47fc00a2c39e90264f33305004495a9","hash":"f51d18ec050ff90b33fd855d628810061557ab15"}
}
