TN:
SF:src\renderer\src\app\store.js
FNF:0
FNH:0
DA:36,14
DA:38,14
DA:39,0
DA:42,14
LF:4
LH:3
BRDA:36,0,0,14
BRDA:36,0,1,0
BRDA:38,1,0,0
BRDA:38,1,1,14
BRDA:38,2,0,14
BRDA:38,2,1,0
BRF:6
BRH:3
end_of_record
TN:
SF:src\renderer\src\components\dashboard\DiskSpaceSummary.jsx
FN:11,(anonymous_0)
FN:14,(anonymous_1)
FN:15,(anonymous_2)
FN:35,(anonymous_3)
FN:95,(anonymous_4)
FNF:5
FNH:0
FNDA:0,(anonymous_0)
FNDA:0,(anonymous_1)
FNDA:0,(anonymous_2)
FNDA:0,(anonymous_3)
FNDA:0,(anonymous_4)
DA:11,2
DA:12,0
DA:13,0
DA:14,0
DA:15,0
DA:16,0
DA:17,0
DA:18,0
DA:20,0
DA:23,0
DA:26,0
DA:36,0
DA:96,0
DA:125,0
LF:14
LH:1
BRDA:16,0,0,0
BRDA:16,0,1,0
BRF:2
BRH:0
end_of_record
TN:
SF:src\renderer\src\components\dashboard\EventListCard.jsx
FN:75,(anonymous_0)
FNF:1
FNH:0
FNDA:0,(anonymous_0)
DA:75,1
DA:76,0
DA:77,0
DA:78,0
DA:80,0
LF:5
LH:1
BRF:0
BRH:0
end_of_record
TN:
SF:src\renderer\src\components\devices\EventTips\EventTips.jsx
FN:26,(anonymous_0)
FN:38,(anonymous_1)
FN:65,(anonymous_2)
FN:69,(anonymous_3)
FN:75,(anonymous_4)
FNF:5
FNH:1
FNDA:3,(anonymous_0)
FNDA:0,(anonymous_1)
FNDA:0,(anonymous_2)
FNDA:0,(anonymous_3)
FNDA:0,(anonymous_4)
DA:15,1
DA:24,1
DA:26,1
DA:27,3
DA:29,3
DA:32,3
DA:34,3
DA:38,3
DA:40,0
DA:42,0
DA:43,0
DA:45,0
DA:46,0
DA:48,0
DA:49,0
DA:51,0
DA:52,0
DA:54,0
DA:55,0
DA:57,0
DA:58,0
DA:60,0
DA:62,0
DA:65,3
DA:66,0
DA:69,3
DA:70,0
DA:71,0
DA:75,3
DA:76,0
DA:77,0
DA:81,3
DA:119,3
LF:33
LH:13
BRDA:40,0,0,0
BRDA:40,0,1,0
BRDA:40,0,2,0
BRDA:40,0,3,0
BRDA:40,0,4,0
BRDA:40,0,5,0
BRDA:40,0,6,0
BRDA:70,1,0,0
BRDA:70,1,1,0
BRDA:70,2,0,0
BRDA:70,2,1,0
BRDA:76,3,0,0
BRDA:76,3,1,0
BRDA:76,4,0,0
BRDA:76,4,1,0
BRDA:82,5,0,0
BRDA:82,5,1,3
BRDA:92,6,0,3
BRDA:92,6,1,0
BRDA:114,7,0,3
BRDA:114,7,1,0
BRF:21
BRH:3
end_of_record
TN:
SF:src\renderer\src\components\dialogs\Common Code\CustomRangePicker.jsx
FN:8,(anonymous_0)
FN:11,(anonymous_1)
FNF:2
FNH:1
FNDA:19,(anonymous_0)
FNDA:0,(anonymous_1)
DA:3,4
DA:6,4
DA:8,4
DA:9,19
DA:11,19
DA:12,0
DA:15,19
LF:7
LH:6
BRDA:12,0,0,0
BRDA:12,0,1,0
BRF:2
BRH:0
end_of_record
TN:
SF:src\renderer\src\components\dialogs\NetworkSettingsDialog\NetworkSettingDialog.jsx
FN:13,(anonymous_0)
FN:28,(anonymous_1)
FN:29,(anonymous_2)
FN:33,(anonymous_3)
FN:38,(anonymous_4)
FN:40,(anonymous_5)
FN:45,(anonymous_6)
FNF:7
FNH:3
FNDA:3,(anonymous_0)
FNDA:3,(anonymous_1)
FNDA:0,(anonymous_2)
FNDA:3,(anonymous_3)
FNDA:0,(anonymous_4)
FNDA:0,(anonymous_5)
FNDA:0,(anonymous_6)
DA:13,1
DA:14,3
DA:15,3
DA:17,3
DA:19,3
DA:21,3
DA:28,3
DA:29,3
DA:30,0
DA:33,3
DA:34,3
DA:38,3
DA:39,0
DA:40,0
DA:41,0
DA:45,3
DA:46,0
DA:49,3
LF:18
LH:13
BRDA:21,0,0,3
BRDA:21,0,1,3
BRDA:21,0,2,3
BRDA:21,0,3,0
BRDA:21,0,4,0
BRDA:21,0,5,0
BRF:6
BRH:3
end_of_record
TN:
SF:src\renderer\src\components\dialogs\NetworkSettingsDialog\Settings\Settings.jsx
FN:11,(anonymous_0)
FN:41,(anonymous_1)
FN:46,(anonymous_2)
FN:46,(anonymous_3)
FN:51,(anonymous_4)
FN:75,(anonymous_5)
FN:98,(anonymous_6)
FNF:7
FNH:5
FNDA:5,(anonymous_0)
FNDA:1,(anonymous_1)
FNDA:20,(anonymous_2)
FNDA:0,(anonymous_3)
FNDA:0,(anonymous_4)
FNDA:10,(anonymous_5)
FNDA:10,(anonymous_6)
DA:11,2
DA:12,5
DA:25,5
DA:26,5
DA:28,5
DA:29,5
DA:31,5
DA:36,5
DA:41,5
DA:43,1
DA:46,20
DA:48,0
DA:51,5
DA:52,0
DA:55,5
DA:77,10
DA:99,10
LF:17
LH:15
BRDA:79,0,0,2
BRDA:79,0,1,8
BRDA:80,1,0,10
BRDA:80,1,1,10
BRDA:101,2,0,10
BRDA:101,2,1,0
BRDA:102,3,0,10
BRDA:102,3,1,10
BRF:8
BRH:7
end_of_record
TN:
SF:src\renderer\src\components\dialogs\PreferencesDialog\Advanced\DeviceDefaultSetting.jsx
FN:13,(anonymous_0)
FN:22,(anonymous_1)
FN:27,(anonymous_2)
FN:86,(anonymous_3)
FNF:4
FNH:2
FNDA:3,(anonymous_0)
FNDA:0,(anonymous_1)
FNDA:0,(anonymous_2)
FNDA:3,(anonymous_3)
DA:13,1
DA:14,3
DA:15,3
DA:16,3
DA:17,3
DA:19,3
DA:20,3
DA:22,3
DA:23,0
DA:24,0
DA:27,3
DA:28,0
DA:29,0
DA:32,3
DA:86,3
LF:15
LH:11
BRDA:61,0,0,3
BRDA:61,0,1,0
BRDA:81,1,0,3
BRDA:81,1,1,0
BRDA:86,2,0,0
BRDA:86,2,1,3
BRF:6
BRH:3
end_of_record
TN:
SF:src\renderer\src\components\dialogs\PreferencesDialog\Advanced\FirmwareUpdate.jsx
FN:11,(anonymous_0)
FN:20,(anonymous_1)
FN:24,(anonymous_2)
FNF:3
FNH:1
FNDA:3,(anonymous_0)
FNDA:0,(anonymous_1)
FNDA:0,(anonymous_2)
DA:11,1
DA:12,3
DA:13,3
DA:14,3
DA:16,3
DA:17,3
DA:18,3
DA:20,3
DA:21,0
DA:22,0
DA:24,3
DA:25,0
DA:26,0
DA:29,3
LF:14
LH:10
BRDA:49,0,0,3
BRDA:49,0,1,0
BRDA:63,1,0,3
BRDA:63,1,1,0
BRF:4
BRH:2
end_of_record
TN:
SF:src\renderer\src\components\dialogs\PreferencesDialog\Advanced\OfflineDetection.jsx
FN:11,(anonymous_0)
FN:19,(anonymous_1)
FN:23,(anonymous_2)
FNF:3
FNH:1
FNDA:3,(anonymous_0)
FNDA:0,(anonymous_1)
FNDA:0,(anonymous_2)
DA:11,1
DA:12,3
DA:13,3
DA:14,3
DA:15,3
DA:16,3
DA:17,3
DA:19,3
DA:20,0
DA:21,0
DA:23,3
DA:24,0
DA:25,0
DA:27,3
LF:14
LH:10
BRDA:47,0,0,3
BRDA:47,0,1,0
BRDA:63,1,0,3
BRDA:63,1,1,0
BRF:4
BRH:2
end_of_record
TN:
SF:src\renderer\src\components\dialogs\SingleBackupConfigDialog\BackupRestorePanel\BackupRestorePanel.jsx
FN:15,(anonymous_0)
FN:29,(anonymous_1)
FN:32,(anonymous_2)
FN:35,(anonymous_3)
FN:37,(anonymous_4)
FN:45,(anonymous_5)
FN:48,(anonymous_6)
FN:52,(anonymous_7)
FN:53,(anonymous_8)
FN:56,(anonymous_9)
FN:63,(anonymous_10)
FN:64,(anonymous_11)
FN:70,(anonymous_12)
FNF:13
FNH:1
FNDA:10,(anonymous_0)
FNDA:0,(anonymous_1)
FNDA:0,(anonymous_2)
FNDA:0,(anonymous_3)
FNDA:0,(anonymous_4)
FNDA:0,(anonymous_5)
FNDA:0,(anonymous_6)
FNDA:0,(anonymous_7)
FNDA:0,(anonymous_8)
FNDA:0,(anonymous_9)
FNDA:0,(anonymous_10)
FNDA:0,(anonymous_11)
FNDA:0,(anonymous_12)
DA:15,1
DA:16,10
DA:17,10
DA:18,10
DA:19,10
DA:20,10
DA:27,10
DA:28,10
DA:29,10
DA:30,0
DA:32,10
DA:33,0
DA:35,10
DA:36,0
DA:38,0
DA:39,0
DA:45,10
DA:46,0
DA:48,10
DA:49,0
DA:53,0
DA:54,0
DA:57,0
DA:58,0
DA:61,0
DA:65,0
DA:70,10
DA:71,0
DA:73,10
LF:29
LH:15
BRDA:27,0,0,10
BRDA:27,0,1,0
BRDA:27,0,2,0
BRDA:38,1,0,0
BRDA:38,1,1,0
BRDA:40,2,0,0
BRDA:40,2,1,0
BRDA:57,3,0,0
BRDA:57,3,1,0
BRDA:59,4,0,0
BRDA:59,4,1,0
BRDA:120,5,0,0
BRDA:120,5,1,10
BRF:13
BRH:2
end_of_record
TN:
SF:src\renderer\src\components\dialogs\TrapSettingDialog\TrapConfiguration\TrapConfiguration.jsx
FN:8,(anonymous_0)
FN:15,(anonymous_1)
FN:18,(anonymous_2)
FN:27,(anonymous_3)
FN:31,(anonymous_4)
FN:44,(anonymous_5)
FNF:6
FNH:1
FNDA:5,(anonymous_0)
FNDA:0,(anonymous_1)
FNDA:0,(anonymous_2)
FNDA:0,(anonymous_3)
FNDA:0,(anonymous_4)
FNDA:0,(anonymous_5)
DA:8,1
DA:9,5
DA:10,5
DA:11,5
DA:12,5
DA:13,5
DA:15,5
DA:16,0
DA:18,5
DA:19,0
DA:20,0
DA:21,0
DA:24,0
DA:27,5
DA:28,0
DA:31,5
DA:33,0
DA:34,0
DA:35,0
DA:37,0
DA:40,0
DA:44,5
DA:45,0
DA:50,0
DA:52,0
DA:55,5
LF:26
LH:12
BRDA:19,0,0,0
BRDA:19,0,1,0
BRDA:20,1,0,0
BRDA:20,1,1,0
BRDA:20,2,0,0
BRDA:20,2,1,0
BRDA:33,3,0,0
BRDA:33,3,1,0
BRDA:34,4,0,0
BRDA:34,4,1,0
BRDA:45,5,0,0
BRDA:45,5,1,0
BRDA:94,6,0,0
BRDA:94,6,1,5
BRDA:135,7,0,5
BRDA:135,7,1,0
BRF:16
BRH:2
end_of_record
TN:
SF:src\renderer\src\pages\DashboardPage.jsx
FN:12,(anonymous_0)
FN:13,(anonymous_1)
FN:14,(anonymous_2)
FN:15,(anonymous_3)
FN:16,(anonymous_4)
FN:17,(anonymous_5)
FN:18,(anonymous_6)
FN:19,(anonymous_7)
FNF:8
FNH:0
FNDA:0,(anonymous_0)
FNDA:0,(anonymous_1)
FNDA:0,(anonymous_2)
FNDA:0,(anonymous_3)
FNDA:0,(anonymous_4)
FNDA:0,(anonymous_5)
FNDA:0,(anonymous_6)
FNDA:0,(anonymous_7)
DA:12,1
DA:13,0
DA:14,0
DA:15,0
DA:16,0
DA:17,0
DA:18,0
DA:19,0
DA:20,0
LF:9
LH:1
BRF:0
BRH:0
end_of_record
